Using pre-set license
Built from '6000.1/staging' branch; Version is '6000.1.9f1 (ed7b183fd33d) revision 15563544'; Using compiler version '194234433'; Build Type 'Release'
OS: 'Windows 10  (10.0.19045) 64bit Professional' Language: 'ru' Physical Memory: 24499 MB
BatchMode: 1, IsHumanControllingUs: 0, StartBugReporterOnCrash: 0, Is64bit: 1, IsPro: 1
Date: 2025-10-16T20:53:10Z

COMMAND LINE ARGUMENTS:
D:\Unity\6000.1.9f1\Editor\Unity.exe
-adb2
-batchMode
-noUpm
-name
AssetImportWorker1
-projectPath
C:/Users/dmitr/Desktop/C# уроки/Игра/HomeWork6
-logFile
Logs/AssetImportWorker1.log
-srvPort
64203
-job-worker-count
5
-background-job-worker-count
8
-gc-helper-count
1
-name
AssetImport
Successfully changed project path to: C:/Users/dmitr/Desktop/C# уроки/Игра/HomeWork6
C:/Users/dmitr/Desktop/C# уроки/Игра/HomeWork6
[UnityMemory] Configuration Parameters - Can be set up in boot.config
    "memorysetup-allocator-temp-initial-block-size-main=262144"
    "memorysetup-allocator-temp-initial-block-size-worker=262144"
    "memorysetup-bucket-allocator-granularity=16"
    "memorysetup-bucket-allocator-bucket-count=8"
    "memorysetup-bucket-allocator-block-size=33554432"
    "memorysetup-bucket-allocator-block-count=8"
    "memorysetup-main-allocator-block-size=16777216"
    "memorysetup-thread-allocator-block-size=16777216"
    "memorysetup-gfx-main-allocator-block-size=16777216"
    "memorysetup-gfx-thread-allocator-block-size=16777216"
    "memorysetup-cache-allocator-block-size=4194304"
    "memorysetup-typetree-allocator-block-size=2097152"
    "memorysetup-profiler-bucket-allocator-granularity=16"
    "memorysetup-profiler-bucket-allocator-bucket-count=8"
    "memorysetup-profiler-bucket-allocator-block-size=33554432"
    "memorysetup-profiler-bucket-allocator-block-count=8"
    "memorysetup-profiler-allocator-block-size=16777216"
    "memorysetup-profiler-editor-allocator-block-size=1048576"
    "memorysetup-temp-allocator-size-main=16777216"
    "memorysetup-job-temp-allocator-block-size=2097152"
    "memorysetup-job-temp-allocator-block-size-background=1048576"
    "memorysetup-job-temp-allocator-reduction-small-platforms=262144"
    "memorysetup-temp-allocator-size-background-worker=32768"
    "memorysetup-temp-allocator-size-job-worker=262144"
    "memorysetup-temp-allocator-size-preload-manager=33554432"
    "memorysetup-temp-allocator-size-nav-mesh-worker=65536"
    "memorysetup-temp-allocator-size-audio-worker=65536"
    "memorysetup-temp-allocator-size-cloud-worker=32768"
    "memorysetup-temp-allocator-size-gi-baking-worker=262144"
    "memorysetup-temp-allocator-size-gi-baking-worker=262144"
    "memorysetup-temp-allocator-size-gi-baking-worker=262144"
    "memorysetup-temp-allocator-size-gi-baking-worker=262144"
    "memorysetup-temp-allocator-size-gi-baking-worker=262144"
    "memorysetup-temp-allocator-size-gfx=262144"
Player connection [6160]  Target information:

Player connection [6160]  * "[IP] 26.185.239.196 [Port] 0 [Flags] 2 [Guid] 946633697 [EditorId] 946633697 [Version] 1048832 [Id] WindowsEditor(7,DESKTOP-TMCEG5G) [Debug] 1 [PackageName] WindowsEditor [ProjectName] Editor" 

Player connection [6160]  * "[IP] 10.1.1.68 [Port] 0 [Flags] 2 [Guid] 946633697 [EditorId] 946633697 [Version] 1048832 [Id] WindowsEditor(7,DESKTOP-TMCEG5G) [Debug] 1 [PackageName] WindowsEditor [ProjectName] Editor" 

Player connection [6160] Host joined multi-casting on [225.0.0.222:54997]...
Player connection [6160] Host joined alternative multi-casting on [225.0.0.222:34997]...
JobSystem: Creating JobQueue using job-worker-count value 5
Input System module state changed to: Initialized.
[Physics::Module] Initialized fallback backend.
[Physics::Module] Id: 0xdecafbad
Library Redirect Path: Library/
[Physics::Module] Selected backend.
[Physics::Module] Name: PhysX
[Physics::Module] Id: 0xf2b8ea05
[Physics::Module] SDK Version: 4.1.2
[Physics::Module] Integration Version: 1.0.0
[Physics::Module] Threading Mode: Multi-Threaded
Refreshing native plugins compatible for Editor in 2.29 ms, found 3 plugins.
Preloading 0 native plugins for Editor in 0.00 ms.
Initialize engine version: 6000.1.9f1 (ed7b183fd33d)
[Subsystems] Discovering subsystems at path D:/Unity/6000.1.9f1/Editor/Data/Resources/UnitySubsystems
[Subsystems] Discovering subsystems at path C:/Users/dmitr/Desktop/C# уроки/Игра/HomeWork6/Assets
GfxDevice: creating device client; kGfxThreadingModeNonThreaded
Direct3D:
    Version:         Direct3D 12 [level 12.1]
    Renderer:        NVIDIA GeForce RTX 4060 (ID=0x2882)
    Vendor:          NVIDIA
    VRAM:            7957 MB
    App VRAM Budget: 7189 MB
    Driver:          32.0.15.7216
Initialize mono
Mono path[0] = 'D:/Unity/6000.1.9f1/Editor/Data/Managed'
Mono path[1] = 'D:/Unity/6000.1.9f1/Editor/Data/MonoBleedingEdge/lib/mono/unityjit-win32'
Mono config path = 'D:/Unity/6000.1.9f1/Editor/Data/MonoBleedingEdge/etc'
Using monoOptions --debugger-agent=transport=dt_socket,embedding=1,server=y,suspend=n,address=127.0.0.1:56256
Begin MonoManager ReloadAssembly
Registering precompiled unity dll's ...
Register platform support module: D:/Unity/6000.1.9f1/Editor/Data/PlaybackEngines/WindowsStandaloneSupport/UnityEditor.WindowsStandalone.Extensions.dll
Registered in 0.001249 seconds.
- Loaded All Assemblies, in  0.323 seconds
Native extension for WindowsStandalone target not found
Mono: successfully reloaded assembly
- Finished resetting the current domain, in  0.276 seconds
Domain Reload Profiling: 598ms
	BeginReloadAssembly (116ms)
		ExecutionOrderSort (0ms)
		DisableScriptedObjects (0ms)
		BackupInstance (0ms)
		ReleaseScriptingObjects (0ms)
		CreateAndSetChildDomain (1ms)
	RebuildCommonClasses (34ms)
	RebuildNativeTypeToScriptingClass (10ms)
	initialDomainReloadingComplete (39ms)
	LoadAllAssembliesAndSetupDomain (124ms)
		LoadAssemblies (115ms)
		RebuildTransferFunctionScriptingTraits (0ms)
		AnalyzeDomain (121ms)
			TypeCache.Refresh (120ms)
				TypeCache.ScanAssembly (109ms)
			BuildScriptInfoCaches (0ms)
			ResolveRequiredComponents (0ms)
	FinalizeReload (276ms)
		ReleaseScriptCaches (0ms)
		RebuildScriptCaches (0ms)
		SetupLoadedEditorAssemblies (236ms)
			LogAssemblyErrors (0ms)
			InitializePlatformSupportModulesInManaged (41ms)
			SetLoadedEditorAssemblies (3ms)
			BeforeProcessingInitializeOnLoad (48ms)
			ProcessInitializeOnLoadAttributes (97ms)
			ProcessInitializeOnLoadMethodAttributes (47ms)
			AfterProcessingInitializeOnLoad (0ms)
			EditorAssembliesLoaded (0ms)
		ExecutionOrderSort2 (0ms)
		AwakeInstancesAfterBackupRestoration (0ms)
========================================================================
Worker process is ready to serve import requests
Import Worker Mode flag is 0x00
Begin MonoManager ReloadAssembly
- Loaded All Assemblies, in  0.809 seconds
Refreshing native plugins compatible for Editor in 1.39 ms, found 3 plugins.
Native extension for WindowsStandalone target not found
Mono: successfully reloaded assembly
- Finished resetting the current domain, in  0.818 seconds
Domain Reload Profiling: 1624ms
	BeginReloadAssembly (205ms)
		ExecutionOrderSort (0ms)
		DisableScriptedObjects (6ms)
		BackupInstance (0ms)
		ReleaseScriptingObjects (0ms)
		CreateAndSetChildDomain (55ms)
	RebuildCommonClasses (37ms)
	RebuildNativeTypeToScriptingClass (11ms)
	initialDomainReloadingComplete (40ms)
	LoadAllAssembliesAndSetupDomain (513ms)
		LoadAssemblies (352ms)
		RebuildTransferFunctionScriptingTraits (0ms)
		AnalyzeDomain (264ms)
			TypeCache.Refresh (193ms)
				TypeCache.ScanAssembly (176ms)
			BuildScriptInfoCaches (55ms)
			ResolveRequiredComponents (11ms)
	FinalizeReload (819ms)
		ReleaseScriptCaches (0ms)
		RebuildScriptCaches (0ms)
		SetupLoadedEditorAssemblies (601ms)
			LogAssemblyErrors (0ms)
			InitializePlatformSupportModulesInManaged (2ms)
			SetLoadedEditorAssemblies (5ms)
			BeforeProcessingInitializeOnLoad (122ms)
			ProcessInitializeOnLoadAttributes (402ms)
			ProcessInitializeOnLoadMethodAttributes (67ms)
			AfterProcessingInitializeOnLoad (3ms)
			EditorAssembliesLoaded (0ms)
		ExecutionOrderSort2 (0ms)
		AwakeInstancesAfterBackupRestoration (7ms)
Launched and connected shader compiler UnityShaderCompiler.exe after 0.01 seconds
Refreshing native plugins compatible for Editor in 1.38 ms, found 3 plugins.
Preloading 0 native plugins for Editor in 0.00 ms.
Unloading 202 Unused Serialized files (Serialized files now loaded: 0)
Unloading 6083 unused Assets / (4.6 MB). Loaded Objects now: 6781.
Memory consumption went from 160.4 MB to 155.8 MB.
Total: 12.204300 ms (FindLiveObjects: 0.923000 ms CreateObjectMapping: 0.711200 ms MarkObjects: 6.896600 ms  DeleteObjects: 3.671300 ms)

========================================================================
Received Import Request.
  Time since last request: 272252.363945 seconds.
  path: Assets/Brawl Arena/Prefabs/Bone_ChestA.prefab
  artifactKey: Guid(2a9cd6b33b98548bf8d7d4f94a53e1d8) Importer(815301076,1909f56bfc062723c751e8b465ee728b)
Start importing Assets/Brawl Arena/Prefabs/Bone_ChestA.prefab using Guid(2a9cd6b33b98548bf8d7d4f94a53e1d8) Importer(815301076,1909f56bfc062723c751e8b465ee728b) (PreviewImporter) -> (artifact id: 'eb7f5074848ad28591eb4c342dcde696') in 2.7231844 seconds
Number of updated asset objects reloaded before import = 0Number of asset objects unloaded after import = 13

========================================================================
Received Import Request.
  Time since last request: 0.000052 seconds.
  path: Assets/Brawl Arena/Prefabs/Wall_Tile_Block1.prefab
  artifactKey: Guid(81044204068d943dd8e46160655d2108) Importer(815301076,1909f56bfc062723c751e8b465ee728b)
Start importing Assets/Brawl Arena/Prefabs/Wall_Tile_Block1.prefab using Guid(81044204068d943dd8e46160655d2108) Importer(815301076,1909f56bfc062723c751e8b465ee728b) (PreviewImporter) -> (artifact id: '4c4548a8731485c62c624b9dbe518291') in 0.0219117 seconds
Number of updated asset objects reloaded before import = 0Number of asset objects unloaded after import = 15

========================================================================
Received Import Request.
  Time since last request: 0.000033 seconds.
  path: Assets/Brawl Arena/Prefabs/Bones_ChestB.prefab
  artifactKey: Guid(c1c288bb2505b4e2d9e83e36cc85d196) Importer(815301076,1909f56bfc062723c751e8b465ee728b)
Start importing Assets/Brawl Arena/Prefabs/Bones_ChestB.prefab using Guid(c1c288bb2505b4e2d9e83e36cc85d196) Importer(815301076,1909f56bfc062723c751e8b465ee728b) (PreviewImporter) -> (artifact id: 'bbe847d6ae46724ae9bdf2e40a6bc062') in 0.0202971 seconds
Number of updated asset objects reloaded before import = 0Number of asset objects unloaded after import = 13

========================================================================
Received Import Request.
  Time since last request: 0.000031 seconds.
  path: Assets/Brawl Arena/Prefabs/RockFlat6.prefab
  artifactKey: Guid(1ad33190abef140138c036ec06a5abb2) Importer(815301076,1909f56bfc062723c751e8b465ee728b)
Start importing Assets/Brawl Arena/Prefabs/RockFlat6.prefab using Guid(1ad33190abef140138c036ec06a5abb2) Importer(815301076,1909f56bfc062723c751e8b465ee728b) (PreviewImporter) -> (artifact id: '59c695aeeec8891275fa7e4ad32e8ff8') in 0.0282238 seconds
Number of updated asset objects reloaded before import = 0Number of asset objects unloaded after import = 9

========================================================================
Received Import Request.
  Time since last request: 0.000023 seconds.
  path: Assets/Brawl Arena/Prefabs/RockFlat3.prefab
  artifactKey: Guid(739781aa3e17e4ac4a0eaa2a5d0d3238) Importer(815301076,1909f56bfc062723c751e8b465ee728b)
Start importing Assets/Brawl Arena/Prefabs/RockFlat3.prefab using Guid(739781aa3e17e4ac4a0eaa2a5d0d3238) Importer(815301076,1909f56bfc062723c751e8b465ee728b) (PreviewImporter) -> (artifact id: 'f9a6920522a498c8212e0d13ddf04f8d') in 0.021481 seconds
Number of updated asset objects reloaded before import = 0Number of asset objects unloaded after import = 9

========================================================================
Received Import Request.
  Time since last request: 0.000022 seconds.
  path: Assets/Brawl Arena/Prefabs/RockFlat4.prefab
  artifactKey: Guid(2944dff329d524836ba4d6970e962362) Importer(815301076,1909f56bfc062723c751e8b465ee728b)
Start importing Assets/Brawl Arena/Prefabs/RockFlat4.prefab using Guid(2944dff329d524836ba4d6970e962362) Importer(815301076,1909f56bfc062723c751e8b465ee728b) (PreviewImporter) -> (artifact id: 'fa01aed1242c2e08c431d0ad5f592ab9') in 0.0193664 seconds
Number of updated asset objects reloaded before import = 0Number of asset objects unloaded after import = 9

========================================================================
Received Import Request.
  Time since last request: 0.000024 seconds.
  path: Assets/Brawl Arena/Prefabs/Grass_Tile_Night.prefab
  artifactKey: Guid(51510de34f82041149d25090ec962e10) Importer(815301076,1909f56bfc062723c751e8b465ee728b)
Start importing Assets/Brawl Arena/Prefabs/Grass_Tile_Night.prefab using Guid(51510de34f82041149d25090ec962e10) Importer(815301076,1909f56bfc062723c751e8b465ee728b) (PreviewImporter) -> (artifact id: '2a91d0adcff2e79c1e833ff94948ebdc') in 0.0205542 seconds
Number of updated asset objects reloaded before import = 0Number of asset objects unloaded after import = 8

========================================================================
Received Import Request.
  Time since last request: 0.000042 seconds.
  path: Assets/Brawl Arena/Prefabs/RockFlat5.prefab
  artifactKey: Guid(def5750a5ceb84845a9ee9beda9425e1) Importer(815301076,1909f56bfc062723c751e8b465ee728b)
Start importing Assets/Brawl Arena/Prefabs/RockFlat5.prefab using Guid(def5750a5ceb84845a9ee9beda9425e1) Importer(815301076,1909f56bfc062723c751e8b465ee728b) (PreviewImporter) -> (artifact id: '83e2114954d8606c809bad532bcfc281') in 0.0192272 seconds
Number of updated asset objects reloaded before import = 0Number of asset objects unloaded after import = 9

========================================================================
Received Import Request.
  Time since last request: 0.000023 seconds.
  path: Assets/Brawl Arena/Prefabs/PolyPyramid.prefab
  artifactKey: Guid(a08f59b910c8446a681d1932a4ffe269) Importer(815301076,1909f56bfc062723c751e8b465ee728b)
Start importing Assets/Brawl Arena/Prefabs/PolyPyramid.prefab using Guid(a08f59b910c8446a681d1932a4ffe269) Importer(815301076,1909f56bfc062723c751e8b465ee728b) (PreviewImporter) -> (artifact id: '85334fd0408d176a5ef2be02b7210044') in 0.023322 seconds
Number of updated asset objects reloaded before import = 0Number of asset objects unloaded after import = 13

========================================================================
Received Import Request.
  Time since last request: 0.000025 seconds.
  path: Assets/Brawl Arena/Prefabs/Skull.prefab
  artifactKey: Guid(dc48d9e02acd04cb786357a49b2aa38d) Importer(815301076,1909f56bfc062723c751e8b465ee728b)
Start importing Assets/Brawl Arena/Prefabs/Skull.prefab using Guid(dc48d9e02acd04cb786357a49b2aa38d) Importer(815301076,1909f56bfc062723c751e8b465ee728b) (PreviewImporter) -> (artifact id: 'c652c603444cb1a1d144657db0a63c6e') in 0.0232062 seconds
Number of updated asset objects reloaded before import = 0Number of asset objects unloaded after import = 13

========================================================================
Received Import Request.
  Time since last request: 12.268145 seconds.
  path: Assets/Brawl Arena/Models/Bones_ChestB.fbx
  artifactKey: Guid(cf7f70eea60a84c0489a3a9145b3c97b) Importer(815301076,1909f56bfc062723c751e8b465ee728b)
Start importing Assets/Brawl Arena/Models/Bones_ChestB.fbx using Guid(cf7f70eea60a84c0489a3a9145b3c97b) Importer(815301076,1909f56bfc062723c751e8b465ee728b) (PreviewImporter) -> (artifact id: 'ac994d81d9882ed9c60f9fafa84c4884') in 0.2617175 seconds
Number of updated asset objects reloaded before import = 0Number of asset objects unloaded after import = 8

========================================================================
Received Import Request.
  Time since last request: 0.000039 seconds.
  path: Assets/Brawl Arena/Models/Grass_Tile_A.fbx
  artifactKey: Guid(aa8163807389147e69685c66a16c069e) Importer(815301076,1909f56bfc062723c751e8b465ee728b)
Start importing Assets/Brawl Arena/Models/Grass_Tile_A.fbx using Guid(aa8163807389147e69685c66a16c069e) Importer(815301076,1909f56bfc062723c751e8b465ee728b) (PreviewImporter) -> (artifact id: '8eb95931772d552868d73402ecffd9b4') in 0.0367888 seconds
Number of updated asset objects reloaded before import = 0Number of asset objects unloaded after import = 7

========================================================================
Received Import Request.
  Time since last request: 0.000034 seconds.
  path: Assets/Brawl Arena/Models/RockFlat6.fbx
  artifactKey: Guid(9d0b7e771beff4e3187322aef09e2647) Importer(815301076,1909f56bfc062723c751e8b465ee728b)
Start importing Assets/Brawl Arena/Models/RockFlat6.fbx using Guid(9d0b7e771beff4e3187322aef09e2647) Importer(815301076,1909f56bfc062723c751e8b465ee728b) (PreviewImporter) -> (artifact id: 'be54194f516e48deb398a1793a458247') in 0.0407308 seconds
Number of updated asset objects reloaded before import = 0Number of asset objects unloaded after import = 7

========================================================================
Received Import Request.
  Time since last request: 0.000023 seconds.
  path: Assets/Brawl Arena/Models/RockFlat3.fbx
  artifactKey: Guid(251345886a7d24fd6a8a4a7d15c538ff) Importer(815301076,1909f56bfc062723c751e8b465ee728b)
Start importing Assets/Brawl Arena/Models/RockFlat3.fbx using Guid(251345886a7d24fd6a8a4a7d15c538ff) Importer(815301076,1909f56bfc062723c751e8b465ee728b) (PreviewImporter) -> (artifact id: '8419c097a108f7933daddb0fc5ce1889') in 0.0344944 seconds
Number of updated asset objects reloaded before import = 0Number of asset objects unloaded after import = 7

========================================================================
Received Import Request.
  Time since last request: 0.000022 seconds.
  path: Assets/Brawl Arena/Models/Wall_Tile_Block1.fbx
  artifactKey: Guid(ad82c5049c72343dc8ea8683c18b8df6) Importer(815301076,1909f56bfc062723c751e8b465ee728b)
Start importing Assets/Brawl Arena/Models/Wall_Tile_Block1.fbx using Guid(ad82c5049c72343dc8ea8683c18b8df6) Importer(815301076,1909f56bfc062723c751e8b465ee728b) (PreviewImporter) -> (artifact id: 'd5cff77594cea39054f197b96c7e695b') in 0.0965592 seconds
Number of updated asset objects reloaded before import = 0Number of asset objects unloaded after import = 10

========================================================================
Received Import Request.
  Time since last request: 0.000025 seconds.
  path: Assets/Brawl Arena/Models/Skull.fbx
  artifactKey: Guid(d98b2fd2352a3469d9a447f68882070c) Importer(815301076,1909f56bfc062723c751e8b465ee728b)
Start importing Assets/Brawl Arena/Models/Skull.fbx using Guid(d98b2fd2352a3469d9a447f68882070c) Importer(815301076,1909f56bfc062723c751e8b465ee728b) (PreviewImporter) -> (artifact id: 'b35126bed01150393427f6af1c039f9d') in 0.0400961 seconds
Number of updated asset objects reloaded before import = 0Number of asset objects unloaded after import = 8

Editor requested this worker to shutdown with reason: Scaling down because of idle timeout
AssetImportWorker is now disconnected from the server
Process exiting
Exiting without the bug reporter. Application will terminate with return code 0